This is pdfTeX, Version 3.14159265-2.6-1.40.18 (TeX Live 2017/Debian) (preloaded format=pdflatex 2020.3.6)  18 MAY 2020 00:18
entering extended mode
 restricted \write18 enabled.
 %&-line parsing enabled.
**article.tex
(./article.tex
LaTeX2e <2017-04-15>
Babel <3.18> and hyphenation patterns for 7 language(s) loaded.
(/usr/share/texlive/texmf-dist/tex/latex/base/article.cls
Document Class: article 2014/09/29 v1.4h Standard LaTeX document class
(/usr/share/texlive/texmf-dist/tex/latex/base/size12.clo
File: size12.clo 2014/09/29 v1.4h Standard LaTeX file (size option)
)
\c@part=\count79
\c@section=\count80
\c@subsection=\count81
\c@subsubsection=\count82
\c@paragraph=\count83
\c@subparagraph=\count84
\c@figure=\count85
\c@table=\count86
\abovecaptionskip=\skip41
\belowcaptionskip=\skip42
\bibindent=\dimen102
)
(/usr/share/texlive/texmf-dist/tex/latex/base/inputenc.sty
Package: inputenc 2015/03/17 v1.2c Input encoding file
\inpenc@prehook=\toks14
\inpenc@posthook=\toks15

(/usr/share/texlive/texmf-dist/tex/latex/base/utf8.def
File: utf8.def 2017/01/28 v1.1t UTF-8 support for inputenc
Now handling font encoding OML ...
... no UTF-8 mapping file for font encoding OML
Now handling font encoding T1 ...
... processing UTF-8 mapping file for font encoding T1

(/usr/share/texlive/texmf-dist/tex/latex/base/t1enc.dfu
File: t1enc.dfu 2017/01/28 v1.1t UTF-8 support for inputenc
   defining Unicode char U+00A0 (decimal 160)
   defining Unicode char U+00A1 (decimal 161)
   defining Unicode char U+00A3 (decimal 163)
   defining Unicode char U+00AB (decimal 171)
   defining Unicode char U+00AD (decimal 173)
   defining Unicode char U+00BB (decimal 187)
   defining Unicode char U+00BF (decimal 191)
   defining Unicode char U+00C0 (decimal 192)
   defining Unicode char U+00C1 (decimal 193)
   defining Unicode char U+00C2 (decimal 194)
   defining Unicode char U+00C3 (decimal 195)
   defining Unicode char U+00C4 (decimal 196)
   defining Unicode char U+00C5 (decimal 197)
   defining Unicode char U+00C6 (decimal 198)
   defining Unicode char U+00C7 (decimal 199)
   defining Unicode char U+00C8 (decimal 200)
   defining Unicode char U+00C9 (decimal 201)
   defining Unicode char U+00CA (decimal 202)
   defining Unicode char U+00CB (decimal 203)
   defining Unicode char U+00CC (decimal 204)
   defining Unicode char U+00CD (decimal 205)
   defining Unicode char U+00CE (decimal 206)
   defining Unicode char U+00CF (decimal 207)
   defining Unicode char U+00D0 (decimal 208)
   defining Unicode char U+00D1 (decimal 209)
   defining Unicode char U+00D2 (decimal 210)
   defining Unicode char U+00D3 (decimal 211)
   defining Unicode char U+00D4 (decimal 212)
   defining Unicode char U+00D5 (decimal 213)
   defining Unicode char U+00D6 (decimal 214)
   defining Unicode char U+00D8 (decimal 216)
   defining Unicode char U+00D9 (decimal 217)
   defining Unicode char U+00DA (decimal 218)
   defining Unicode char U+00DB (decimal 219)
   defining Unicode char U+00DC (decimal 220)
   defining Unicode char U+00DD (decimal 221)
   defining Unicode char U+00DE (decimal 222)
   defining Unicode char U+00DF (decimal 223)
   defining Unicode char U+00E0 (decimal 224)
   defining Unicode char U+00E1 (decimal 225)
   defining Unicode char U+00E2 (decimal 226)
   defining Unicode char U+00E3 (decimal 227)
   defining Unicode char U+00E4 (decimal 228)
   defining Unicode char U+00E5 (decimal 229)
   defining Unicode char U+00E6 (decimal 230)
   defining Unicode char U+00E7 (decimal 231)
   defining Unicode char U+00E8 (decimal 232)
   defining Unicode char U+00E9 (decimal 233)
   defining Unicode char U+00EA (decimal 234)
   defining Unicode char U+00EB (decimal 235)
   defining Unicode char U+00EC (decimal 236)
   defining Unicode char U+00ED (decimal 237)
   defining Unicode char U+00EE (decimal 238)
   defining Unicode char U+00EF (decimal 239)
   defining Unicode char U+00F0 (decimal 240)
   defining Unicode char U+00F1 (decimal 241)
   defining Unicode char U+00F2 (decimal 242)
   defining Unicode char U+00F3 (decimal 243)
   defining Unicode char U+00F4 (decimal 244)
   defining Unicode char U+00F5 (decimal 245)
   defining Unicode char U+00F6 (decimal 246)
   defining Unicode char U+00F8 (decimal 248)
   defining Unicode char U+00F9 (decimal 249)
   defining Unicode char U+00FA (decimal 250)
   defining Unicode char U+00FB (decimal 251)
   defining Unicode char U+00FC (decimal 252)
   defining Unicode char U+00FD (decimal 253)
   defining Unicode char U+00FE (decimal 254)
   defining Unicode char U+00FF (decimal 255)
   defining Unicode char U+0100 (decimal 256)
   defining Unicode char U+0101 (decimal 257)
   defining Unicode char U+0102 (decimal 258)
   defining Unicode char U+0103 (decimal 259)
   defining Unicode char U+0104 (decimal 260)
   defining Unicode char U+0105 (decimal 261)
   defining Unicode char U+0106 (decimal 262)
   defining Unicode char U+0107 (decimal 263)
   defining Unicode char U+0108 (decimal 264)
   defining Unicode char U+0109 (decimal 265)
   defining Unicode char U+010A (decimal 266)
   defining Unicode char U+010B (decimal 267)
   defining Unicode char U+010C (decimal 268)
   defining Unicode char U+010D (decimal 269)
   defining Unicode char U+010E (decimal 270)
   defining Unicode char U+010F (decimal 271)
   defining Unicode char U+0110 (decimal 272)
   defining Unicode char U+0111 (decimal 273)
   defining Unicode char U+0112 (decimal 274)
   defining Unicode char U+0113 (decimal 275)
   defining Unicode char U+0114 (decimal 276)
   defining Unicode char U+0115 (decimal 277)
   defining Unicode char U+0116 (decimal 278)
   defining Unicode char U+0117 (decimal 279)
   defining Unicode char U+0118 (decimal 280)
   defining Unicode char U+0119 (decimal 281)
   defining Unicode char U+011A (decimal 282)
   defining Unicode char U+011B (decimal 283)
   defining Unicode char U+011C (decimal 284)
   defining Unicode char U+011D (decimal 285)
   defining Unicode char U+011E (decimal 286)
   defining Unicode char U+011F (decimal 287)
   defining Unicode char U+0120 (decimal 288)
   defining Unicode char U+0121 (decimal 289)
   defining Unicode char U+0122 (decimal 290)
   defining Unicode char U+0123 (decimal 291)
   defining Unicode char U+0124 (decimal 292)
   defining Unicode char U+0125 (decimal 293)
   defining Unicode char U+0128 (decimal 296)
   defining Unicode char U+0129 (decimal 297)
   defining Unicode char U+012A (decimal 298)
   defining Unicode char U+012B (decimal 299)
   defining Unicode char U+012C (decimal 300)
   defining Unicode char U+012D (decimal 301)
   defining Unicode char U+012E (decimal 302)
   defining Unicode char U+012F (decimal 303)
   defining Unicode char U+0130 (decimal 304)
   defining Unicode char U+0131 (decimal 305)
   defining Unicode char U+0132 (decimal 306)
   defining Unicode char U+0133 (decimal 307)
   defining Unicode char U+0134 (decimal 308)
   defining Unicode char U+0135 (decimal 309)
   defining Unicode char U+0136 (decimal 310)
   defining Unicode char U+0137 (decimal 311)
   defining Unicode char U+0139 (decimal 313)
   defining Unicode char U+013A (decimal 314)
   defining Unicode char U+013B (decimal 315)
   defining Unicode char U+013C (decimal 316)
   defining Unicode char U+013D (decimal 317)
   defining Unicode char U+013E (decimal 318)
   defining Unicode char U+0141 (decimal 321)
   defining Unicode char U+0142 (decimal 322)
   defining Unicode char U+0143 (decimal 323)
   defining Unicode char U+0144 (decimal 324)
   defining Unicode char U+0145 (decimal 325)
   defining Unicode char U+0146 (decimal 326)
   defining Unicode char U+0147 (decimal 327)
   defining Unicode char U+0148 (decimal 328)
   defining Unicode char U+014A (decimal 330)
   defining Unicode char U+014B (decimal 331)
   defining Unicode char U+014C (decimal 332)
   defining Unicode char U+014D (decimal 333)
   defining Unicode char U+014E (decimal 334)
   defining Unicode char U+014F (decimal 335)
   defining Unicode char U+0150 (decimal 336)
   defining Unicode char U+0151 (decimal 337)
   defining Unicode char U+0152 (decimal 338)
   defining Unicode char U+0153 (decimal 339)
   defining Unicode char U+0154 (decimal 340)
   defining Unicode char U+0155 (decimal 341)
   defining Unicode char U+0156 (decimal 342)
   defining Unicode char U+0157 (decimal 343)
   defining Unicode char U+0158 (decimal 344)
   defining Unicode char U+0159 (decimal 345)
   defining Unicode char U+015A (decimal 346)
   defining Unicode char U+015B (decimal 347)
   defining Unicode char U+015C (decimal 348)
   defining Unicode char U+015D (decimal 349)
   defining Unicode char U+015E (decimal 350)
   defining Unicode char U+015F (decimal 351)
   defining Unicode char U+0160 (decimal 352)
   defining Unicode char U+0161 (decimal 353)
   defining Unicode char U+0162 (decimal 354)
   defining Unicode char U+0163 (decimal 355)
   defining Unicode char U+0164 (decimal 356)
   defining Unicode char U+0165 (decimal 357)
   defining Unicode char U+0168 (decimal 360)
   defining Unicode char U+0169 (decimal 361)
   defining Unicode char U+016A (decimal 362)
   defining Unicode char U+016B (decimal 363)
   defining Unicode char U+016C (decimal 364)
   defining Unicode char U+016D (decimal 365)
   defining Unicode char U+016E (decimal 366)
   defining Unicode char U+016F (decimal 367)
   defining Unicode char U+0170 (decimal 368)
   defining Unicode char U+0171 (decimal 369)
   defining Unicode char U+0172 (decimal 370)
   defining Unicode char U+0173 (decimal 371)
   defining Unicode char U+0174 (decimal 372)
   defining Unicode char U+0175 (decimal 373)
   defining Unicode char U+0176 (decimal 374)
   defining Unicode char U+0177 (decimal 375)
   defining Unicode char U+0178 (decimal 376)
   defining Unicode char U+0179 (decimal 377)
   defining Unicode char U+017A (decimal 378)
   defining Unicode char U+017B (decimal 379)
   defining Unicode char U+017C (decimal 380)
   defining Unicode char U+017D (decimal 381)
   defining Unicode char U+017E (decimal 382)
   defining Unicode char U+01CD (decimal 461)
   defining Unicode char U+01CE (decimal 462)
   defining Unicode char U+01CF (decimal 463)
   defining Unicode char U+01D0 (decimal 464)
   defining Unicode char U+01D1 (decimal 465)
   defining Unicode char U+01D2 (decimal 466)
   defining Unicode char U+01D3 (decimal 467)
   defining Unicode char U+01D4 (decimal 468)
   defining Unicode char U+01E2 (decimal 482)
   defining Unicode char U+01E3 (decimal 483)
   defining Unicode char U+01E6 (decimal 486)
   defining Unicode char U+01E7 (decimal 487)
   defining Unicode char U+01E8 (decimal 488)
   defining Unicode char U+01E9 (decimal 489)
   defining Unicode char U+01EA (decimal 490)
   defining Unicode char U+01EB (decimal 491)
   defining Unicode char U+01F0 (decimal 496)
   defining Unicode char U+01F4 (decimal 500)
   defining Unicode char U+01F5 (decimal 501)
   defining Unicode char U+0218 (decimal 536)
   defining Unicode char U+0219 (decimal 537)
   defining Unicode char U+021A (decimal 538)
   defining Unicode char U+021B (decimal 539)
   defining Unicode char U+0232 (decimal 562)
   defining Unicode char U+0233 (decimal 563)
   defining Unicode char U+1E02 (decimal 7682)
   defining Unicode char U+1E03 (decimal 7683)
   defining Unicode char U+200C (decimal 8204)
   defining Unicode char U+2010 (decimal 8208)
   defining Unicode char U+2011 (decimal 8209)
   defining Unicode char U+2012 (decimal 8210)
   defining Unicode char U+2013 (decimal 8211)
   defining Unicode char U+2014 (decimal 8212)
   defining Unicode char U+2015 (decimal 8213)
   defining Unicode char U+2018 (decimal 8216)
   defining Unicode char U+2019 (decimal 8217)
   defining Unicode char U+201A (decimal 8218)
   defining Unicode char U+201C (decimal 8220)
   defining Unicode char U+201D (decimal 8221)
   defining Unicode char U+201E (decimal 8222)
   defining Unicode char U+2030 (decimal 8240)
   defining Unicode char U+2031 (decimal 8241)
   defining Unicode char U+2039 (decimal 8249)
   defining Unicode char U+203A (decimal 8250)
   defining Unicode char U+2423 (decimal 9251)
   defining Unicode char U+1E20 (decimal 7712)
   defining Unicode char U+1E21 (decimal 7713)
)
Now handling font encoding OT1 ...
... processing UTF-8 mapping file for font encoding OT1

(/usr/share/texlive/texmf-dist/tex/latex/base/ot1enc.dfu
File: ot1enc.dfu 2017/01/28 v1.1t UTF-8 support for inputenc
   defining Unicode char U+00A0 (decimal 160)
   defining Unicode char U+00A1 (decimal 161)
   defining Unicode char U+00A3 (decimal 163)
   defining Unicode char U+00AD (decimal 173)
   defining Unicode char U+00B8 (decimal 184)
   defining Unicode char U+00BF (decimal 191)
   defining Unicode char U+00C5 (decimal 197)
   defining Unicode char U+00C6 (decimal 198)
   defining Unicode char U+00D8 (decimal 216)
   defining Unicode char U+00DF (decimal 223)
   defining Unicode char U+00E6 (decimal 230)
   defining Unicode char U+00EC (decimal 236)
   defining Unicode char U+00ED (decimal 237)
   defining Unicode char U+00EE (decimal 238)
   defining Unicode char U+00EF (decimal 239)
   defining Unicode char U+00F8 (decimal 248)
   defining Unicode char U+0131 (decimal 305)
   defining Unicode char U+0141 (decimal 321)
   defining Unicode char U+0142 (decimal 322)
   defining Unicode char U+0152 (decimal 338)
   defining Unicode char U+0153 (decimal 339)
   defining Unicode char U+0174 (decimal 372)
   defining Unicode char U+0175 (decimal 373)
   defining Unicode char U+0176 (decimal 374)
   defining Unicode char U+0177 (decimal 375)
   defining Unicode char U+0218 (decimal 536)
   defining Unicode char U+0219 (decimal 537)
   defining Unicode char U+021A (decimal 538)
   defining Unicode char U+021B (decimal 539)
   defining Unicode char U+2013 (decimal 8211)
   defining Unicode char U+2014 (decimal 8212)
   defining Unicode char U+2018 (decimal 8216)
   defining Unicode char U+2019 (decimal 8217)
   defining Unicode char U+201C (decimal 8220)
   defining Unicode char U+201D (decimal 8221)
)
Now handling font encoding OMS ...
... processing UTF-8 mapping file for font encoding OMS

(/usr/share/texlive/texmf-dist/tex/latex/base/omsenc.dfu
File: omsenc.dfu 2017/01/28 v1.1t UTF-8 support for inputenc
   defining Unicode char U+00A7 (decimal 167)
   defining Unicode char U+00B6 (decimal 182)
   defining Unicode char U+00B7 (decimal 183)
   defining Unicode char U+2020 (decimal 8224)
   defining Unicode char U+2021 (decimal 8225)
   defining Unicode char U+2022 (decimal 8226)
)
Now handling font encoding OMX ...
... no UTF-8 mapping file for font encoding OMX
Now handling font encoding U ...
... no UTF-8 mapping file for font encoding U
   defining Unicode char U+00A9 (decimal 169)
   defining Unicode char U+00AA (decimal 170)
   defining Unicode char U+00AE (decimal 174)
   defining Unicode char U+00BA (decimal 186)
   defining Unicode char U+02C6 (decimal 710)
   defining Unicode char U+02DC (decimal 732)
   defining Unicode char U+200C (decimal 8204)
   defining Unicode char U+2026 (decimal 8230)
   defining Unicode char U+2122 (decimal 8482)
   defining Unicode char U+2423 (decimal 9251)
))
(/usr/share/texlive/texmf-dist/tex/generic/babel/babel.sty
Package: babel 2018/02/14 3.18 The Babel package

(/usr/share/texlive/texmf-dist/tex/generic/babel/switch.def
File: switch.def 2018/02/14 3.18 Babel switching mechanism
)
(/usr/share/texlive/texmf-dist/tex/generic/babel-english/english.ldf
Language: english 2017/06/06 v3.3r English support from the babel system

(/usr/share/texlive/texmf-dist/tex/generic/babel/babel.def
File: babel.def 2018/02/14 3.18 Babel common definitions
\babel@savecnt=\count87
\U@D=\dimen103

(/usr/share/texlive/texmf-dist/tex/generic/babel/txtbabel.def)
\bbl@dirlevel=\count88
)
\l@canadian = a dialect from \language\l@american 
\l@australian = a dialect from \language\l@british 
\l@newzealand = a dialect from \language\l@british 
))
(/usr/share/texlive/texmf-dist/tex/latex/amsmath/amsmath.sty
Package: amsmath 2017/09/02 v2.17a AMS math features
\@mathmargin=\skip43

For additional information on amsmath, use the `?' option.
(/usr/share/texlive/texmf-dist/tex/latex/amsmath/amstext.sty
Package: amstext 2000/06/29 v2.01 AMS text

(/usr/share/texlive/texmf-dist/tex/latex/amsmath/amsgen.sty
File: amsgen.sty 1999/11/30 v2.0 generic functions
\@emptytoks=\toks16
\ex@=\dimen104
))
(/usr/share/texlive/texmf-dist/tex/latex/amsmath/amsbsy.sty
Package: amsbsy 1999/11/29 v1.2d Bold Symbols
\pmbraise@=\dimen105
)
(/usr/share/texlive/texmf-dist/tex/latex/amsmath/amsopn.sty
Package: amsopn 2016/03/08 v2.02 operator names
)
\inf@bad=\count89
LaTeX Info: Redefining \frac on input line 213.
\uproot@=\count90
\leftroot@=\count91
LaTeX Info: Redefining \overline on input line 375.
\classnum@=\count92
\DOTSCASE@=\count93
LaTeX Info: Redefining \ldots on input line 472.
LaTeX Info: Redefining \dots on input line 475.
LaTeX Info: Redefining \cdots on input line 596.
\Mathstrutbox@=\box26
\strutbox@=\box27
\big@size=\dimen106
LaTeX Font Info:    Redeclaring font encoding OML on input line 712.
LaTeX Font Info:    Redeclaring font encoding OMS on input line 713.
\macc@depth=\count94
\c@MaxMatrixCols=\count95
\dotsspace@=\muskip10
\c@parentequation=\count96
\dspbrk@lvl=\count97
\tag@help=\toks17
\row@=\count98
\column@=\count99
\maxfields@=\count100
\andhelp@=\toks18
\eqnshift@=\dimen107
\alignsep@=\dimen108
\tagshift@=\dimen109
\tagwidth@=\dimen110
\totwidth@=\dimen111
\lineht@=\dimen112
\@envbody=\toks19
\multlinegap=\skip44
\multlinetaggap=\skip45
\mathdisplay@stack=\toks20
LaTeX Info: Redefining \[ on input line 2817.
LaTeX Info: Redefining \] on input line 2818.
)
(/usr/share/texlive/texmf-dist/tex/latex/amsfonts/amssymb.sty
Package: amssymb 2013/01/14 v3.01 AMS font symbols

(/usr/share/texlive/texmf-dist/tex/latex/amsfonts/amsfonts.sty
Package: amsfonts 2013/01/14 v3.01 Basic AMSFonts support
\symAMSa=\mathgroup4
\symAMSb=\mathgroup5
LaTeX Font Info:    Overwriting math alphabet `\mathfrak' in version `bold'
(Font)                  U/euf/m/n --> U/euf/b/n on input line 106.
))
(/usr/share/texlive/texmf-dist/tex/latex/units/nicefrac.sty
Package: nicefrac 1998/08/04 v0.9b Nice fractions
\L@UnitsRaiseDisplaystyle=\skip46
\L@UnitsRaiseTextstyle=\skip47
\L@UnitsRaiseScriptstyle=\skip48

(/usr/share/texlive/texmf-dist/tex/latex/base/ifthen.sty
Package: ifthen 2014/09/29 v1.1c Standard LaTeX ifthen package (DPC)
))
(/usr/share/texlive/texmf-dist/tex/latex/hyperref/hyperref.sty
Package: hyperref 2018/02/06 v6.86b Hypertext links for LaTeX

(/usr/share/texlive/texmf-dist/tex/generic/oberdiek/hobsub-hyperref.sty
Package: hobsub-hyperref 2016/05/16 v1.14 Bundle oberdiek, subset hyperref (HO)


(/usr/share/texlive/texmf-dist/tex/generic/oberdiek/hobsub-generic.sty
Package: hobsub-generic 2016/05/16 v1.14 Bundle oberdiek, subset generic (HO)
Package: hobsub 2016/05/16 v1.14 Construct package bundles (HO)
Package: infwarerr 2016/05/16 v1.4 Providing info/warning/error messages (HO)
Package: ltxcmds 2016/05/16 v1.23 LaTeX kernel commands for general use (HO)
Package: ifluatex 2016/05/16 v1.4 Provides the ifluatex switch (HO)
Package ifluatex Info: LuaTeX not detected.
Package: ifvtex 2016/05/16 v1.6 Detect VTeX and its facilities (HO)
Package ifvtex Info: VTeX not detected.
Package: intcalc 2016/05/16 v1.2 Expandable calculations with integers (HO)
Package: ifpdf 2017/03/15 v3.2 Provides the ifpdf switch
Package: etexcmds 2016/05/16 v1.6 Avoid name clashes with e-TeX commands (HO)
Package etexcmds Info: Could not find \expanded.
(etexcmds)             That can mean that you are not using pdfTeX 1.50 or
(etexcmds)             that some package has redefined \expanded.
(etexcmds)             In the latter case, load this package earlier.
Package: kvsetkeys 2016/05/16 v1.17 Key value parser (HO)
Package: kvdefinekeys 2016/05/16 v1.4 Define keys (HO)
Package: pdftexcmds 2018/01/21 v0.26 Utility functions of pdfTeX for LuaTeX (HO
)
Package pdftexcmds Info: LuaTeX not detected.
Package pdftexcmds Info: \pdf@primitive is available.
Package pdftexcmds Info: \pdf@ifprimitive is available.
Package pdftexcmds Info: \pdfdraftmode found.
Package: pdfescape 2016/05/16 v1.14 Implements pdfTeX's escape features (HO)
Package: bigintcalc 2016/05/16 v1.4 Expandable calculations on big integers (HO
)
Package: bitset 2016/05/16 v1.2 Handle bit-vector datatype (HO)
Package: uniquecounter 2016/05/16 v1.3 Provide unlimited unique counter (HO)
)
Package hobsub Info: Skipping package `hobsub' (already loaded).
Package: letltxmacro 2016/05/16 v1.5 Let assignment for LaTeX macros (HO)
Package: hopatch 2016/05/16 v1.3 Wrapper for package hooks (HO)
Package: xcolor-patch 2016/05/16 xcolor patch
Package: atveryend 2016/05/16 v1.9 Hooks at the very end of document (HO)
Package atveryend Info: \enddocument detected (standard20110627).
Package: atbegshi 2016/06/09 v1.18 At begin shipout hook (HO)
Package: refcount 2016/05/16 v3.5 Data extraction from label references (HO)
Package: hycolor 2016/05/16 v1.8 Color options for hyperref/bookmark (HO)
)
(/usr/share/texlive/texmf-dist/tex/latex/graphics/keyval.sty
Package: keyval 2014/10/28 v1.15 key=value parser (DPC)
\KV@toks@=\toks21
)
(/usr/share/texlive/texmf-dist/tex/generic/ifxetex/ifxetex.sty
Package: ifxetex 2010/09/12 v0.6 Provides ifxetex conditional
)
(/usr/share/texlive/texmf-dist/tex/latex/oberdiek/auxhook.sty
Package: auxhook 2016/05/16 v1.4 Hooks for auxiliary files (HO)
)
(/usr/share/texlive/texmf-dist/tex/latex/oberdiek/kvoptions.sty
Package: kvoptions 2016/05/16 v3.12 Key value format for package options (HO)
)
\@linkdim=\dimen113
\Hy@linkcounter=\count101
\Hy@pagecounter=\count102

(/usr/share/texlive/texmf-dist/tex/latex/hyperref/pd1enc.def
File: pd1enc.def 2018/02/06 v6.86b Hyperref: PDFDocEncoding definition (HO)
Now handling font encoding PD1 ...
... no UTF-8 mapping file for font encoding PD1
)
\Hy@SavedSpaceFactor=\count103

(/usr/share/texlive/texmf-dist/tex/latex/latexconfig/hyperref.cfg
File: hyperref.cfg 2002/06/06 v1.2 hyperref configuration of TeXLive
)
Package hyperref Info: Hyper figures OFF on input line 4509.
Package hyperref Info: Link nesting OFF on input line 4514.
Package hyperref Info: Hyper index ON on input line 4517.
Package hyperref Info: Plain pages OFF on input line 4524.
Package hyperref Info: Backreferencing OFF on input line 4529.
Package hyperref Info: Implicit mode ON; LaTeX internals redefined.
Package hyperref Info: Bookmarks ON on input line 4762.
\c@Hy@tempcnt=\count104

(/usr/share/texlive/texmf-dist/tex/latex/url/url.sty
\Urlmuskip=\muskip11
Package: url 2013/09/16  ver 3.4  Verb mode for urls, etc.
)
LaTeX Info: Redefining \url on input line 5115.
\XeTeXLinkMargin=\dimen114
\Fld@menulength=\count105
\Field@Width=\dimen115
\Fld@charsize=\dimen116
Package hyperref Info: Hyper figures OFF on input line 6369.
Package hyperref Info: Link nesting OFF on input line 6374.
Package hyperref Info: Hyper index ON on input line 6377.
Package hyperref Info: backreferencing OFF on input line 6384.
Package hyperref Info: Link coloring OFF on input line 6389.
Package hyperref Info: Link coloring with OCG OFF on input line 6394.
Package hyperref Info: PDF/A mode OFF on input line 6399.
LaTeX Info: Redefining \ref on input line 6439.
LaTeX Info: Redefining \pageref on input line 6443.
\Hy@abspage=\count106
\c@Item=\count107
\c@Hfootnote=\count108
)
Package hyperref Info: Driver (autodetected): hpdftex.

(/usr/share/texlive/texmf-dist/tex/latex/hyperref/hpdftex.def
File: hpdftex.def 2018/02/06 v6.86b Hyperref driver for pdfTeX
\Fld@listcount=\count109
\c@bookmark@seq@number=\count110

(/usr/share/texlive/texmf-dist/tex/latex/oberdiek/rerunfilecheck.sty
Package: rerunfilecheck 2016/05/16 v1.8 Rerun checks for auxiliary files (HO)
Package uniquecounter Info: New unique counter `rerunfilecheck' on input line 2
82.
)
\Hy@SectionHShift=\skip49
)
(/usr/share/texlive/texmf-dist/tex/latex/graphics/graphicx.sty
Package: graphicx 2017/06/01 v1.1a Enhanced LaTeX Graphics (DPC,SPQR)

(/usr/share/texlive/texmf-dist/tex/latex/graphics/graphics.sty
Package: graphics 2017/06/25 v1.2c Standard LaTeX Graphics (DPC,SPQR)

(/usr/share/texlive/texmf-dist/tex/latex/graphics/trig.sty
Package: trig 2016/01/03 v1.10 sin cos tan (DPC)
)
(/usr/share/texlive/texmf-dist/tex/latex/graphics-cfg/graphics.cfg
File: graphics.cfg 2016/06/04 v1.11 sample graphics configuration
)
Package graphics Info: Driver file: pdftex.def on input line 99.

(/usr/share/texlive/texmf-dist/tex/latex/graphics-def/pdftex.def
File: pdftex.def 2018/01/08 v1.0l Graphics/color driver for pdftex
))
\Gin@req@height=\dimen117
\Gin@req@width=\dimen118
)
(/usr/share/texlive/texmf-dist/tex/latex/cite/cite.sty
LaTeX Info: Redefining \cite on input line 302.
LaTeX Info: Redefining \nocite on input line 332.
Package: cite 2015/02/27  v 5.5
)
(/usr/share/texlive/texmf-dist/tex/latex/graphics/color.sty
Package: color 2016/07/10 v1.1e Standard LaTeX Color (DPC)

(/usr/share/texlive/texmf-dist/tex/latex/graphics-cfg/color.cfg
File: color.cfg 2016/01/02 v1.6 sample color configuration
)
Package color Info: Driver file: pdftex.def on input line 147.
)
(/usr/share/texlive/texmf-dist/tex/latex/was/upgreek.sty
Package: upgreek 2003/02/12 v2.0 (WaS)
Package upgreek Info: Using Euler Roman for upright Greek on input line 31.
\symugrf@m=\mathgroup6
LaTeX Font Info:    Overwriting symbol font `ugrf@m' in version `bold'
(Font)                  U/eur/m/n --> U/eur/b/n on input line 38.
)
(/usr/share/texlive/texmf-dist/tex/latex/setspace/setspace.sty
Package: setspace 2011/12/19 v6.7a set line spacing
)
(/usr/share/texlive/texmf-dist/tex/latex/mathtools/mathtools.sty
Package: mathtools 2018/01/08 v1.21 mathematical typesetting tools

(/usr/share/texlive/texmf-dist/tex/latex/tools/calc.sty
Package: calc 2014/10/28 v4.3 Infix arithmetic (KKT,FJ)
\calc@Acount=\count111
\calc@Bcount=\count112
\calc@Adimen=\dimen119
\calc@Bdimen=\dimen120
\calc@Askip=\skip50
\calc@Bskip=\skip51
LaTeX Info: Redefining \setlength on input line 80.
LaTeX Info: Redefining \addtolength on input line 81.
\calc@Ccount=\count113
\calc@Cskip=\skip52
)
(/usr/share/texlive/texmf-dist/tex/latex/mathtools/mhsetup.sty
Package: mhsetup 2017/03/31 v1.3 programming setup (MH)
)
LaTeX Info: Thecontrolsequence`\('isalreadyrobust on input line 129.
LaTeX Info: Thecontrolsequence`\)'isalreadyrobust on input line 129.
LaTeX Info: Thecontrolsequence`\['isalreadyrobust on input line 129.
LaTeX Info: Thecontrolsequence`\]'isalreadyrobust on input line 129.
\g_MT_multlinerow_int=\count114
\l_MT_multwidth_dim=\dimen121
\origjot=\skip53
\l_MT_shortvdotswithinadjustabove_dim=\dimen122
\l_MT_shortvdotswithinadjustbelow_dim=\dimen123
\l_MT_above_intertext_sep=\dimen124
\l_MT_below_intertext_sep=\dimen125
\l_MT_above_shortintertext_sep=\dimen126
\l_MT_below_shortintertext_sep=\dimen127
) (./article.aux)
\openout1 = `article.aux'.

LaTeX Font Info:    Checking defaults for OML/cmm/m/it on input line 59.
LaTeX Font Info:    ... okay on input line 59.
LaTeX Font Info:    Checking defaults for T1/cmr/m/n on input line 59.
LaTeX Font Info:    ... okay on input line 59.
LaTeX Font Info:    Checking defaults for OT1/cmr/m/n on input line 59.
LaTeX Font Info:    ... okay on input line 59.
LaTeX Font Info:    Checking defaults for OMS/cmsy/m/n on input line 59.
LaTeX Font Info:    ... okay on input line 59.
LaTeX Font Info:    Checking defaults for OMX/cmex/m/n on input line 59.
LaTeX Font Info:    ... okay on input line 59.
LaTeX Font Info:    Checking defaults for U/cmr/m/n on input line 59.
LaTeX Font Info:    ... okay on input line 59.
LaTeX Font Info:    Checking defaults for PD1/pdf/m/n on input line 59.
LaTeX Font Info:    ... okay on input line 59.
\AtBeginShipoutBox=\box28
Package hyperref Info: Link coloring OFF on input line 59.
 (/usr/share/texlive/texmf-dist/tex/latex/hyperref/nameref.sty
Package: nameref 2016/05/21 v2.44 Cross-referencing by name of section

(/usr/share/texlive/texmf-dist/tex/generic/oberdiek/gettitlestring.sty
Package: gettitlestring 2016/05/16 v1.5 Cleanup title references (HO)
)
\c@section@level=\count115
)
LaTeX Info: Redefining \ref on input line 59.
LaTeX Info: Redefining \pageref on input line 59.
LaTeX Info: Redefining \nameref on input line 59.

(./article.out) (./article.out)
\@outlinefile=\write3
\openout3 = `article.out'.


(/usr/share/texlive/texmf-dist/tex/context/base/mkii/supp-pdf.mkii
[Loading MPS to PDF converter (version 2006.09.02).]
\scratchcounter=\count116
\scratchdimen=\dimen128
\scratchbox=\box29
\nofMPsegments=\count117
\nofMParguments=\count118
\everyMPshowfont=\toks22
\MPscratchCnt=\count119
\MPscratchDim=\dimen129
\MPnumerator=\count120
\makeMPintoPDFobject=\count121
\everyMPtoPDFconversion=\toks23
) (/usr/share/texlive/texmf-dist/tex/latex/oberdiek/epstopdf-base.sty
Package: epstopdf-base 2016/05/15 v2.6 Base part for package epstopdf

(/usr/share/texlive/texmf-dist/tex/latex/oberdiek/grfext.sty
Package: grfext 2016/05/16 v1.2 Manage graphics extensions (HO)
)
Package epstopdf-base Info: Redefining graphics rule for `.eps' on input line 4
38.
Package grfext Info: Graphics extension search list:
(grfext)             [.pdf,.png,.jpg,.mps,.jpeg,.jbig2,.jb2,.PDF,.PNG,.JPG,.JPE
G,.JBIG2,.JB2,.eps]
(grfext)             \AppendGraphicsExtensions on input line 456.

(/usr/share/texlive/texmf-dist/tex/latex/latexconfig/epstopdf-sys.cfg
File: epstopdf-sys.cfg 2010/07/13 v1.3 Configuration of (r)epstopdf for TeX Liv
e
))
LaTeX Font Info:    Try loading font information for U+msa on input line 68.

(/usr/share/texlive/texmf-dist/tex/latex/amsfonts/umsa.fd
File: umsa.fd 2013/01/14 v3.01 AMS symbols A
)
LaTeX Font Info:    Try loading font information for U+msb on input line 68.

(/usr/share/texlive/texmf-dist/tex/latex/amsfonts/umsb.fd
File: umsb.fd 2013/01/14 v3.01 AMS symbols B
) (./introduction.tex
[1{/var/lib/texmf/fonts/map/pdftex/updmap/pdftex.map}

] [2]) (./govEqn.tex
[3]) (./numSchem.tex
Overfull \hbox (21.64168pt too wide) in paragraph at lines 1--1
[]\OT1/cmr/bx/n/17.28 Numerical Scheme of Dis-con-tin-u-ous Galerkin Method 
 []

[4] [5] [6] [7]) (./lim.tex
Package epstopdf Info: Source file: <OBR/riemann.eps>
(epstopdf)                    date: 2016-03-25 17:16:55
(epstopdf)                    size: 33929 bytes
(epstopdf)             Output file: <OBR/riemann-eps-converted-to.pdf>
(epstopdf)                    date: 2016-03-25 17:18:27
(epstopdf)                    size: 18667 bytes
(epstopdf)             Command: <repstopdf --outfile=OBR/riemann-eps-converted-
to.pdf OBR/riemann.eps>
(epstopdf)             \includegraphics on input line 12.
Package epstopdf Info: Output file is already uptodate.
<OBR/riemann-eps-converted-to.pdf, id=195, 587.19376pt x 442.65375pt>
File: OBR/riemann-eps-converted-to.pdf Graphic file (type pdf)
<use OBR/riemann-eps-converted-to.pdf>
Package pdftex.def Info: OBR/riemann-eps-converted-to.pdf  used on input line 1
2.
(pdftex.def)             Requested size: 318.66946pt x 240.22498pt.
Package epstopdf Info: Source file: <OBR/first.eps>
(epstopdf)                    date: 2016-06-26 23:13:21
(epstopdf)                    size: 33615 bytes
(epstopdf)             Output file: <OBR/first-eps-converted-to.pdf>
(epstopdf)                    date: 2016-06-26 23:16:10
(epstopdf)                    size: 18181 bytes
(epstopdf)             Command: <repstopdf --outfile=OBR/first-eps-converted-to
.pdf OBR/first.eps>
(epstopdf)             \includegraphics on input line 17.
Package epstopdf Info: Output file is already uptodate.
<OBR/first-eps-converted-to.pdf, id=196, 587.19376pt x 442.65375pt>
File: OBR/first-eps-converted-to.pdf Graphic file (type pdf)
<use OBR/first-eps-converted-to.pdf>
Package pdftex.def Info: OBR/first-eps-converted-to.pdf  used on input line 17.

(pdftex.def)             Requested size: 318.66946pt x 240.22498pt.
Package epstopdf Info: Source file: <OBR/HU.eps>
(epstopdf)                    date: 2016-06-26 23:15:17
(epstopdf)                    size: 34839 bytes
(epstopdf)             Output file: <OBR/HU-eps-converted-to.pdf>
(epstopdf)                    date: 2016-06-26 23:16:10
(epstopdf)                    size: 21742 bytes
(epstopdf)             Command: <repstopdf --outfile=OBR/HU-eps-converted-to.pd
f OBR/HU.eps>
(epstopdf)             \includegraphics on input line 22.
Package epstopdf Info: Output file is already uptodate.
<OBR/HU-eps-converted-to.pdf, id=197, 587.19376pt x 442.65375pt>
File: OBR/HU-eps-converted-to.pdf Graphic file (type pdf)
<use OBR/HU-eps-converted-to.pdf>
Package pdftex.def Info: OBR/HU-eps-converted-to.pdf  used on input line 22.
(pdftex.def)             Requested size: 318.66946pt x 240.22498pt.
 [8] [9 <./OBR/riemann-eps-converted-to.pdf> <./OBR/first-eps-converted-to.pdf>
] [10 <./OBR/HU-eps-converted-to.pdf>] [11] [12])
(./wetDry.tex [13]
Package epstopdf Info: Source file: <OBR/negW.eps>
(epstopdf)                    date: 2016-03-28 02:06:36
(epstopdf)                    size: 28131 bytes
(epstopdf)             Output file: <OBR/negW-eps-converted-to.pdf>
(epstopdf)                    date: 2016-03-28 02:06:41
(epstopdf)                    size: 10802 bytes
(epstopdf)             Command: <repstopdf --outfile=OBR/negW-eps-converted-to.
pdf OBR/negW.eps>
(epstopdf)             \includegraphics on input line 30.
Package epstopdf Info: Output file is already uptodate.
<OBR/negW-eps-converted-to.pdf, id=398, 803.0pt x 571.13374pt>
File: OBR/negW-eps-converted-to.pdf Graphic file (type pdf)
<use OBR/negW-eps-converted-to.pdf>
Package pdftex.def Info: OBR/negW-eps-converted-to.pdf  used on input line 30.
(pdftex.def)             Requested size: 200.3085pt x 142.46935pt.
Package epstopdf Info: Source file: <OBR/zeroW.eps>
(epstopdf)                    date: 2016-03-27 23:11:17
(epstopdf)                    size: 27741 bytes
(epstopdf)             Output file: <OBR/zeroW-eps-converted-to.pdf>
(epstopdf)                    date: 2016-03-27 23:11:23
(epstopdf)                    size: 10703 bytes
(epstopdf)             Command: <repstopdf --outfile=OBR/zeroW-eps-converted-to
.pdf OBR/zeroW.eps>
(epstopdf)             \includegraphics on input line 36.
Package epstopdf Info: Output file is already uptodate.
<OBR/zeroW-eps-converted-to.pdf, id=399, 801.99625pt x 569.12625pt>
File: OBR/zeroW-eps-converted-to.pdf Graphic file (type pdf)
<use OBR/zeroW-eps-converted-to.pdf>
Package pdftex.def Info: OBR/zeroW-eps-converted-to.pdf  used on input line 36.

(pdftex.def)             Requested size: 200.3085pt x 142.14226pt.
 [14 <./OBR/negW-eps-converted-to.pdf> <./OBR/zeroW-eps-converted-to.pdf>]
Package epstopdf Info: Source file: <OBR/wetDry.eps>
(epstopdf)                    date: 2016-03-27 22:31:06
(epstopdf)                    size: 31450 bytes
(epstopdf)             Output file: <OBR/wetDry-eps-converted-to.pdf>
(epstopdf)                    date: 2016-03-27 22:35:56
(epstopdf)                    size: 20364 bytes
(epstopdf)             Command: <repstopdf --outfile=OBR/wetDry-eps-converted-t
o.pdf OBR/wetDry.eps>
(epstopdf)             \includegraphics on input line 61.
Package epstopdf Info: Output file is already uptodate.
<OBR/wetDry-eps-converted-to.pdf, id=425, 587.19376pt x 442.65375pt>
File: OBR/wetDry-eps-converted-to.pdf Graphic file (type pdf)
<use OBR/wetDry-eps-converted-to.pdf>
Package pdftex.def Info: OBR/wetDry-eps-converted-to.pdf  used on input line 61
.
(pdftex.def)             Requested size: 318.66946pt x 240.22498pt.
 [15 <./OBR/wetDry-eps-converted-to.pdf>]
Package epstopdf Info: Source file: <OBR/lin.eps>
(epstopdf)                    date: 2016-03-27 22:31:31
(epstopdf)                    size: 31445 bytes
(epstopdf)             Output file: <OBR/lin-eps-converted-to.pdf>
(epstopdf)                    date: 2016-03-27 22:35:56
(epstopdf)                    size: 20353 bytes
(epstopdf)             Command: <repstopdf --outfile=OBR/lin-eps-converted-to.p
df OBR/lin.eps>
(epstopdf)             \includegraphics on input line 71.
Package epstopdf Info: Output file is already uptodate.
<OBR/lin-eps-converted-to.pdf, id=472, 587.19376pt x 442.65375pt>
File: OBR/lin-eps-converted-to.pdf Graphic file (type pdf)
<use OBR/lin-eps-converted-to.pdf>
Package pdftex.def Info: OBR/lin-eps-converted-to.pdf  used on input line 71.
(pdftex.def)             Requested size: 318.66946pt x 240.22498pt.
 [16 <./OBR/lin-eps-converted-to.pdf>]
Package epstopdf Info: Source file: <OBR/linCor.eps>
(epstopdf)                    date: 2016-03-27 22:31:55
(epstopdf)                    size: 31448 bytes
(epstopdf)             Output file: <OBR/linCor-eps-converted-to.pdf>
(epstopdf)                    date: 2016-03-27 23:09:05
(epstopdf)                    size: 20332 bytes
(epstopdf)             Command: <repstopdf --outfile=OBR/linCor-eps-converted-t
o.pdf OBR/linCor.eps>
(epstopdf)             \includegraphics on input line 92.
Package epstopdf Info: Output file is already uptodate.
<OBR/linCor-eps-converted-to.pdf, id=524, 587.19376pt x 442.65375pt>
File: OBR/linCor-eps-converted-to.pdf Graphic file (type pdf)
<use OBR/linCor-eps-converted-to.pdf>
Package pdftex.def Info: OBR/linCor-eps-converted-to.pdf  used on input line 92
.
(pdftex.def)             Requested size: 318.66946pt x 240.22498pt.
 [17 <./OBR/linCor-eps-converted-to.pdf>]) (./numericalRes.tex
Package epstopdf Info: Source file: <OBR/shock.eps>
(epstopdf)                    date: 2016-06-22 20:50:33
(epstopdf)                    size: 46646 bytes
(epstopdf)             Output file: <OBR/shock-eps-converted-to.pdf>
(epstopdf)                    date: 2016-06-22 22:10:39
(epstopdf)                    size: 22912 bytes
(epstopdf)             Command: <repstopdf --outfile=OBR/shock-eps-converted-to
.pdf OBR/shock.eps>
(epstopdf)             \includegraphics on input line 15.
Package epstopdf Info: Output file is already uptodate.
<OBR/shock-eps-converted-to.pdf, id=577, 587.19376pt x 442.65375pt>
File: OBR/shock-eps-converted-to.pdf Graphic file (type pdf)
<use OBR/shock-eps-converted-to.pdf>
Package pdftex.def Info: OBR/shock-eps-converted-to.pdf  used on input line 15.

(pdftex.def)             Requested size: 318.66946pt x 240.22498pt.

[18]
Package epstopdf Info: Source file: <OBR/shockConverg.eps>
(epstopdf)                    date: 2016-06-22 22:06:50
(epstopdf)                    size: 36518 bytes
(epstopdf)             Output file: <OBR/shockConverg-eps-converted-to.pdf>
(epstopdf)                    date: 2016-06-22 22:10:40
(epstopdf)                    size: 25371 bytes
(epstopdf)             Command: <repstopdf --outfile=OBR/shockConverg-eps-conve
rted-to.pdf OBR/shockConverg.eps>
(epstopdf)             \includegraphics on input line 25.
Package epstopdf Info: Output file is already uptodate.
<OBR/shockConverg-eps-converted-to.pdf, id=589, 587.19376pt x 442.65375pt>
File: OBR/shockConverg-eps-converted-to.pdf Graphic file (type pdf)
<use OBR/shockConverg-eps-converted-to.pdf>
Package pdftex.def Info: OBR/shockConverg-eps-converted-to.pdf  used on input l
ine 25.
(pdftex.def)             Requested size: 318.66946pt x 240.22498pt.
 [19 <./OBR/shock-eps-converted-to.pdf>] [20 <./OBR/shockConverg-eps-converted-
to.pdf>]
Package epstopdf Info: Source file: <OBR/10.eps>
(epstopdf)                    date: 2016-06-23 09:07:56
(epstopdf)                    size: 50723 bytes
(epstopdf)             Output file: <OBR/10-eps-converted-to.pdf>
(epstopdf)                    date: 2016-06-23 09:08:57
(epstopdf)                    size: 29225 bytes
(epstopdf)             Command: <repstopdf --outfile=OBR/10-eps-converted-to.pd
f OBR/10.eps>
(epstopdf)             \includegraphics on input line 68.
Package epstopdf Info: Output file is already uptodate.
<OBR/10-eps-converted-to.pdf, id=700, 587.19376pt x 442.65375pt>
File: OBR/10-eps-converted-to.pdf Graphic file (type pdf)
<use OBR/10-eps-converted-to.pdf>
Package pdftex.def Info: OBR/10-eps-converted-to.pdf  used on input line 68.
(pdftex.def)             Requested size: 200.3085pt x 151.00009pt.

Underfull \hbox (badness 1147) in paragraph at lines 69--69
\OT1/cmr/m/n/12 pared with the novel and ref-er-ence
 []

Package epstopdf Info: Source file: <OBR/20.eps>
(epstopdf)                    date: 2016-06-23 09:08:04
(epstopdf)                    size: 63907 bytes
(epstopdf)             Output file: <OBR/20-eps-converted-to.pdf>
(epstopdf)                    date: 2016-06-23 09:08:57
(epstopdf)                    size: 33110 bytes
(epstopdf)             Command: <repstopdf --outfile=OBR/20-eps-converted-to.pd
f OBR/20.eps>
(epstopdf)             \includegraphics on input line 74.
Package epstopdf Info: Output file is already uptodate.
<OBR/20-eps-converted-to.pdf, id=701, 587.19376pt x 442.65375pt>
File: OBR/20-eps-converted-to.pdf Graphic file (type pdf)
<use OBR/20-eps-converted-to.pdf>
Package pdftex.def Info: OBR/20-eps-converted-to.pdf  used on input line 74.
(pdftex.def)             Requested size: 200.3085pt x 151.00009pt.

Underfull \hbox (badness 1147) in paragraph at lines 75--75
\OT1/cmr/m/n/12 pared with the novel and ref-er-ence
 []

Package epstopdf Info: Source file: <OBR/30.eps>
(epstopdf)                    date: 2016-06-23 09:08:14
(epstopdf)                    size: 76893 bytes
(epstopdf)             Output file: <OBR/30-eps-converted-to.pdf>
(epstopdf)                    date: 2016-06-23 09:08:58
(epstopdf)                    size: 36941 bytes
(epstopdf)             Command: <repstopdf --outfile=OBR/30-eps-converted-to.pd
f OBR/30.eps>
(epstopdf)             \includegraphics on input line 83.
Package epstopdf Info: Output file is already uptodate.
<OBR/30-eps-converted-to.pdf, id=702, 587.19376pt x 442.65375pt>
File: OBR/30-eps-converted-to.pdf Graphic file (type pdf)
<use OBR/30-eps-converted-to.pdf>
Package pdftex.def Info: OBR/30-eps-converted-to.pdf  used on input line 83.
(pdftex.def)             Requested size: 200.3085pt x 151.00009pt.

Underfull \hbox (badness 1147) in paragraph at lines 84--84
\OT1/cmr/m/n/12 pared with the novel and ref-er-ence
 []

Package epstopdf Info: Source file: <OBR/40.eps>
(epstopdf)                    date: 2016-06-23 09:08:25
(epstopdf)                    size: 90292 bytes
(epstopdf)             Output file: <OBR/40-eps-converted-to.pdf>
(epstopdf)                    date: 2016-06-23 09:08:58
(epstopdf)                    size: 40592 bytes
(epstopdf)             Command: <repstopdf --outfile=OBR/40-eps-converted-to.pd
f OBR/40.eps>
(epstopdf)             \includegraphics on input line 89.
Package epstopdf Info: Output file is already uptodate.
<OBR/40-eps-converted-to.pdf, id=703, 587.19376pt x 442.65375pt>
File: OBR/40-eps-converted-to.pdf Graphic file (type pdf)
<use OBR/40-eps-converted-to.pdf>
Package pdftex.def Info: OBR/40-eps-converted-to.pdf  used on input line 89.
(pdftex.def)             Requested size: 200.3085pt x 151.00009pt.

Underfull \hbox (badness 1147) in paragraph at lines 90--90
\OT1/cmr/m/n/12 pared with the novel and ref-er-ence
 []

Package epstopdf Info: Source file: <OBR/ParL2.eps>
(epstopdf)                    date: 2016-04-09 20:04:39
(epstopdf)                    size: 38496 bytes
(epstopdf)             Output file: <OBR/ParL2-eps-converted-to.pdf>
(epstopdf)                    date: 2016-04-09 20:05:46
(epstopdf)                    size: 25182 bytes
(epstopdf)             Command: <repstopdf --outfile=OBR/ParL2-eps-converted-to
.pdf OBR/ParL2.eps>
(epstopdf)             \includegraphics on input line 97.
Package epstopdf Info: Output file is already uptodate.
<OBR/ParL2-eps-converted-to.pdf, id=705, 587.19376pt x 442.65375pt>
File: OBR/ParL2-eps-converted-to.pdf Graphic file (type pdf)
<use OBR/ParL2-eps-converted-to.pdf>
Package pdftex.def Info: OBR/ParL2-eps-converted-to.pdf  used on input line 97.

(pdftex.def)             Requested size: 318.66946pt x 240.22498pt.
[21] [22 <./OBR/10-eps-converted-to.pdf> <./OBR/20-eps-converted-to.pdf> <./OBR
/30-eps-converted-to.pdf> <./OBR/40-eps-converted-to.pdf>] [23 <./OBR/ParL2-eps
-converted-to.pdf>]
Package epstopdf Info: Source file: <OBR/bump/subH.eps>
(epstopdf)                    date: 2016-06-27 00:49:05
(epstopdf)                    size: 61812 bytes
(epstopdf)             Output file: <OBR/bump/subH-eps-converted-to.pdf>
(epstopdf)                    date: 2016-06-27 00:54:44
(epstopdf)                    size: 25229 bytes
(epstopdf)             Command: <repstopdf --outfile=OBR/bump/subH-eps-converte
d-to.pdf OBR/bump/subH.eps>
(epstopdf)             \includegraphics on input line 134.
Package epstopdf Info: Output file is already uptodate.
<OBR/bump/subH-eps-converted-to.pdf, id=984, 587.19376pt x 442.65375pt>
File: OBR/bump/subH-eps-converted-to.pdf Graphic file (type pdf)
<use OBR/bump/subH-eps-converted-to.pdf>
Package pdftex.def Info: OBR/bump/subH-eps-converted-to.pdf  used on input line
 134.
(pdftex.def)             Requested size: 200.3085pt x 151.00009pt.
Package epstopdf Info: Source file: <OBR/bump/subHdet.eps>
(epstopdf)                    date: 2016-06-27 00:49:53
(epstopdf)                    size: 65092 bytes
(epstopdf)             Output file: <OBR/bump/subHdet-eps-converted-to.pdf>
(epstopdf)                    date: 2016-06-27 00:54:44
(epstopdf)                    size: 32008 bytes
(epstopdf)             Command: <repstopdf --outfile=OBR/bump/subHdet-eps-conve
rted-to.pdf OBR/bump/subHdet.eps>
(epstopdf)             \includegraphics on input line 141.
Package epstopdf Info: Output file is already uptodate.
<OBR/bump/subHdet-eps-converted-to.pdf, id=985, 587.19376pt x 442.65375pt>
File: OBR/bump/subHdet-eps-converted-to.pdf Graphic file (type pdf)
<use OBR/bump/subHdet-eps-converted-to.pdf>
Package pdftex.def Info: OBR/bump/subHdet-eps-converted-to.pdf  used on input l
ine 141.
(pdftex.def)             Requested size: 200.3085pt x 151.00009pt.
Package epstopdf Info: Source file: <OBR/bump/subHU.eps>
(epstopdf)                    date: 2016-08-28 10:19:00
(epstopdf)                    size: 64170 bytes
(epstopdf)             Output file: <OBR/bump/subHU-eps-converted-to.pdf>
(epstopdf)                    date: 2016-08-28 10:24:22
(epstopdf)                    size: 25585 bytes
(epstopdf)             Command: <repstopdf --outfile=OBR/bump/subHU-eps-convert
ed-to.pdf OBR/bump/subHU.eps>
(epstopdf)             \includegraphics on input line 151.
Package epstopdf Info: Output file is already uptodate.
<OBR/bump/subHU-eps-converted-to.pdf, id=986, 578.16pt x 433.62pt>
File: OBR/bump/subHU-eps-converted-to.pdf Graphic file (type pdf)
<use OBR/bump/subHU-eps-converted-to.pdf>
Package pdftex.def Info: OBR/bump/subHU-eps-converted-to.pdf  used on input lin
e 151.
(pdftex.def)             Requested size: 200.3085pt x 150.22763pt.
Package epstopdf Info: Source file: <OBR/bump/subHUdet.eps>
(epstopdf)                    date: 2016-08-28 10:15:36
(epstopdf)                    size: 47178 bytes
(epstopdf)             Output file: <OBR/bump/subHUdet-eps-converted-to.pdf>
(epstopdf)                    date: 2016-08-28 10:23:16
(epstopdf)                    size: 25476 bytes
(epstopdf)             Command: <repstopdf --outfile=OBR/bump/subHUdet-eps-conv
erted-to.pdf OBR/bump/subHUdet.eps>
(epstopdf)             \includegraphics on input line 158.
Package epstopdf Info: Output file is already uptodate.
<OBR/bump/subHUdet-eps-converted-to.pdf, id=987, 578.16pt x 433.62pt>
File: OBR/bump/subHUdet-eps-converted-to.pdf Graphic file (type pdf)
<use OBR/bump/subHUdet-eps-converted-to.pdf>
Package pdftex.def Info: OBR/bump/subHUdet-eps-converted-to.pdf  used on input 
line 158.
(pdftex.def)             Requested size: 200.3085pt x 150.22763pt.
 [24 <./OBR/bump/subH-eps-converted-to.pdf> <./OBR/bump/subHdet-eps-converted-t
o.pdf>]
Package epstopdf Info: Source file: <OBR/bump/transH.eps>
(epstopdf)                    date: 2016-06-27 00:50:04
(epstopdf)                    size: 60316 bytes
(epstopdf)             Output file: <OBR/bump/transH-eps-converted-to.pdf>
(epstopdf)                    date: 2016-06-27 00:54:45
(epstopdf)                    size: 25183 bytes
(epstopdf)             Command: <repstopdf --outfile=OBR/bump/transH-eps-conver
ted-to.pdf OBR/bump/transH.eps>
(epstopdf)             \includegraphics on input line 182.
Package epstopdf Info: Output file is already uptodate.
<OBR/bump/transH-eps-converted-to.pdf, id=1096, 587.19376pt x 442.65375pt>
File: OBR/bump/transH-eps-converted-to.pdf Graphic file (type pdf)
<use OBR/bump/transH-eps-converted-to.pdf>
Package pdftex.def Info: OBR/bump/transH-eps-converted-to.pdf  used on input li
ne 182.
(pdftex.def)             Requested size: 200.3085pt x 151.00009pt.
Package epstopdf Info: Source file: <OBR/bump/transHdet.eps>
(epstopdf)                    date: 2016-06-27 00:54:21
(epstopdf)                    size: 42226 bytes
(epstopdf)             Output file: <OBR/bump/transHdet-eps-converted-to.pdf>
(epstopdf)                    date: 2016-06-27 00:56:29
(epstopdf)                    size: 23390 bytes
(epstopdf)             Command: <repstopdf --outfile=OBR/bump/transHdet-eps-con
verted-to.pdf OBR/bump/transHdet.eps>
(epstopdf)             \includegraphics on input line 189.
Package epstopdf Info: Output file is already uptodate.
<OBR/bump/transHdet-eps-converted-to.pdf, id=1097, 587.19376pt x 442.65375pt>
File: OBR/bump/transHdet-eps-converted-to.pdf Graphic file (type pdf)
<use OBR/bump/transHdet-eps-converted-to.pdf>
Package pdftex.def Info: OBR/bump/transHdet-eps-converted-to.pdf  used on input
 line 189.
(pdftex.def)             Requested size: 200.3085pt x 151.00009pt.
Package epstopdf Info: Source file: <OBR/bump/transHU.eps>
(epstopdf)                    date: 2016-06-27 00:50:32
(epstopdf)                    size: 61662 bytes
(epstopdf)             Output file: <OBR/bump/transHU-eps-converted-to.pdf>
(epstopdf)                    date: 2016-06-27 00:54:45
(epstopdf)                    size: 26921 bytes
(epstopdf)             Command: <repstopdf --outfile=OBR/bump/transHU-eps-conve
rted-to.pdf OBR/bump/transHU.eps>
(epstopdf)             \includegraphics on input line 199.
Package epstopdf Info: Output file is already uptodate.
<OBR/bump/transHU-eps-converted-to.pdf, id=1098, 587.19376pt x 442.65375pt>
File: OBR/bump/transHU-eps-converted-to.pdf Graphic file (type pdf)
<use OBR/bump/transHU-eps-converted-to.pdf>
Package pdftex.def Info: OBR/bump/transHU-eps-converted-to.pdf  used on input l
ine 199.
(pdftex.def)             Requested size: 200.3085pt x 151.00009pt.
Package epstopdf Info: Source file: <OBR/bump/transHUdet.eps>
(epstopdf)                    date: 2016-06-27 00:57:04
(epstopdf)                    size: 44005 bytes
(epstopdf)             Output file: <OBR/bump/transHUdet-eps-converted-to.pdf>
(epstopdf)                    date: 2016-06-27 00:57:21
(epstopdf)                    size: 24804 bytes
(epstopdf)             Command: <repstopdf --outfile=OBR/bump/transHUdet-eps-co
nverted-to.pdf OBR/bump/transHUdet.eps>
(epstopdf)             \includegraphics on input line 206.
Package epstopdf Info: Output file is already uptodate.
<OBR/bump/transHUdet-eps-converted-to.pdf, id=1099, 587.19376pt x 442.65375pt>
File: OBR/bump/transHUdet-eps-converted-to.pdf Graphic file (type pdf)
<use OBR/bump/transHUdet-eps-converted-to.pdf>
Package pdftex.def Info: OBR/bump/transHUdet-eps-converted-to.pdf  used on inpu
t line 206.
(pdftex.def)             Requested size: 200.3085pt x 151.00009pt.
 [25 <./OBR/bump/subHU-eps-converted-to.pdf> <./OBR/bump/subHUdet-eps-converted
-to.pdf> <./OBR/bump/transH-eps-converted-to.pdf> <./OBR/bump/transHdet-eps-con
verted-to.pdf>]
Package epstopdf Info: Source file: <OBR/bump/shockH.eps>
(epstopdf)                    date: 2016-06-27 00:52:07
(epstopdf)                    size: 59741 bytes
(epstopdf)             Output file: <OBR/bump/shockH-eps-converted-to.pdf>
(epstopdf)                    date: 2016-06-27 00:54:46
(epstopdf)                    size: 25863 bytes
(epstopdf)             Command: <repstopdf --outfile=OBR/bump/shockH-eps-conver
ted-to.pdf OBR/bump/shockH.eps>
(epstopdf)             \includegraphics on input line 235.
Package epstopdf Info: Output file is already uptodate.
<OBR/bump/shockH-eps-converted-to.pdf, id=1313, 587.19376pt x 442.65375pt>
File: OBR/bump/shockH-eps-converted-to.pdf Graphic file (type pdf)
<use OBR/bump/shockH-eps-converted-to.pdf>
Package pdftex.def Info: OBR/bump/shockH-eps-converted-to.pdf  used on input li
ne 235.
(pdftex.def)             Requested size: 200.3085pt x 151.00009pt.
Package epstopdf Info: Source file: <OBR/bump/shockHdet.eps>
(epstopdf)                    date: 2016-06-27 00:53:11
(epstopdf)                    size: 42945 bytes
(epstopdf)             Output file: <OBR/bump/shockHdet-eps-converted-to.pdf>
(epstopdf)                    date: 2016-06-27 00:54:46
(epstopdf)                    size: 24452 bytes
(epstopdf)             Command: <repstopdf --outfile=OBR/bump/shockHdet-eps-con
verted-to.pdf OBR/bump/shockHdet.eps>
(epstopdf)             \includegraphics on input line 242.
Package epstopdf Info: Output file is already uptodate.
<OBR/bump/shockHdet-eps-converted-to.pdf, id=1314, 587.19376pt x 442.65375pt>
File: OBR/bump/shockHdet-eps-converted-to.pdf Graphic file (type pdf)
<use OBR/bump/shockHdet-eps-converted-to.pdf>
Package pdftex.def Info: OBR/bump/shockHdet-eps-converted-to.pdf  used on input
 line 242.
(pdftex.def)             Requested size: 200.3085pt x 151.00009pt.
Package epstopdf Info: Source file: <OBR/bump/shockHU.eps>
(epstopdf)                    date: 2016-06-27 00:52:11
(epstopdf)                    size: 62723 bytes
(epstopdf)             Output file: <OBR/bump/shockHU-eps-converted-to.pdf>
(epstopdf)                    date: 2016-06-27 00:54:46
(epstopdf)                    size: 27051 bytes
(epstopdf)             Command: <repstopdf --outfile=OBR/bump/shockHU-eps-conve
rted-to.pdf OBR/bump/shockHU.eps>
(epstopdf)             \includegraphics on input line 252.
Package epstopdf Info: Output file is already uptodate.
<OBR/bump/shockHU-eps-converted-to.pdf, id=1315, 587.19376pt x 442.65375pt>
File: OBR/bump/shockHU-eps-converted-to.pdf Graphic file (type pdf)
<use OBR/bump/shockHU-eps-converted-to.pdf>
Package pdftex.def Info: OBR/bump/shockHU-eps-converted-to.pdf  used on input l
ine 252.
(pdftex.def)             Requested size: 200.3085pt x 151.00009pt.
Package epstopdf Info: Source file: <OBR/bump/shockHUdet.eps>
(epstopdf)                    date: 2016-06-27 00:53:40
(epstopdf)                    size: 43044 bytes
(epstopdf)             Output file: <OBR/bump/shockHUdet-eps-converted-to.pdf>
(epstopdf)                    date: 2016-06-27 00:54:46
(epstopdf)                    size: 24784 bytes
(epstopdf)             Command: <repstopdf --outfile=OBR/bump/shockHUdet-eps-co
nverted-to.pdf OBR/bump/shockHUdet.eps>
(epstopdf)             \includegraphics on input line 259.
Package epstopdf Info: Output file is already uptodate.
<OBR/bump/shockHUdet-eps-converted-to.pdf, id=1316, 587.19376pt x 442.65375pt>
File: OBR/bump/shockHUdet-eps-converted-to.pdf Graphic file (type pdf)
<use OBR/bump/shockHUdet-eps-converted-to.pdf>
Package pdftex.def Info: OBR/bump/shockHUdet-eps-converted-to.pdf  used on inpu
t line 259.
(pdftex.def)             Requested size: 200.3085pt x 151.00009pt.
) (./conclusion.tex [26 <./OBR/bump/transHU-eps-converted-to.pdf> <./OBR/bump/t
ransHUdet-eps-converted-to.pdf>]
[27 <./OBR/bump/shockH-eps-converted-to.pdf> <./OBR/bump/shockHdet-eps-converte
d-to.pdf> <./OBR/bump/shockHU-eps-converted-to.pdf> <./OBR/bump/shockHUdet-eps-
converted-to.pdf>]) (./article.bbl [28] [29] [30] [31] [32] [33]
LaTeX Font Info:    Try loading font information for OMS+cmr on input line 276.


(/usr/share/texlive/texmf-dist/tex/latex/base/omscmr.fd
File: omscmr.fd 2014/09/29 v2.5h Standard LaTeX font definitions
)
LaTeX Font Info:    Font shape `OMS/cmr/m/n' in size <12> not available
(Font)              Font shape `OMS/cmsy/m/n' tried instead on input line 276.
 [34])
Package atveryend Info: Empty hook `BeforeClearDocument' on input line 107.
 [35]
Package atveryend Info: Empty hook `AfterLastShipout' on input line 107.

(./article.aux)
Package atveryend Info: Executing hook `AtVeryEndDocument' on input line 107.
Package atveryend Info: Executing hook `AtEndAfterFileList' on input line 107.
Package rerunfilecheck Info: File `article.out' has not changed.
(rerunfilecheck)             Checksum: 3AEE4B1FD293B4682348EB00CF3C160B;750.
Package atveryend Info: Empty hook `AtVeryVeryEnd' on input line 107.
 ) 
Here is how much of TeX's memory you used:
 8033 strings out of 494848
 116228 string characters out of 6178431
 206405 words of memory out of 5000000
 10992 multiletter control sequences out of 15000+600000
 17586 words of font info for 66 fonts, out of 8000000 for 9000
 46 hyphenation exceptions out of 8191
 28i,13n,28p,1492b,459s stack positions out of 5000i,500n,10000p,200000b,80000s
pdfTeX warning (dest): name{Hfootnote.1} has been referenced but does not exi
st, replaced by a fixed one

</usr/share/texlive/texmf-dist/fonts/type1/public/amsfonts/cm/cmbx12.pfb></usr/
share/texlive/texmf-dist/fonts/type1/public/amsfonts/cm/cmex10.pfb></usr/share/
texlive/texmf-dist/fonts/type1/public/amsfonts/cm/cmmi10.pfb></usr/share/texliv
e/texmf-dist/fonts/type1/public/amsfonts/cm/cmmi12.pfb></usr/share/texlive/texm
f-dist/fonts/type1/public/amsfonts/cm/cmmi6.pfb></usr/share/texlive/texmf-dist/
fonts/type1/public/amsfonts/cm/cmmi7.pfb></usr/share/texlive/texmf-dist/fonts/t
ype1/public/amsfonts/cm/cmmi8.pfb></usr/share/texlive/texmf-dist/fonts/type1/pu
blic/amsfonts/cm/cmr10.pfb></usr/share/texlive/texmf-dist/fonts/type1/public/am
sfonts/cm/cmr12.pfb></usr/share/texlive/texmf-dist/fonts/type1/public/amsfonts/
cm/cmr5.pfb></usr/share/texlive/texmf-dist/fonts/type1/public/amsfonts/cm/cmr6.
pfb></usr/share/texlive/texmf-dist/fonts/type1/public/amsfonts/cm/cmr7.pfb></us
r/share/texlive/texmf-dist/fonts/type1/public/amsfonts/cm/cmr8.pfb></usr/share/
texlive/texmf-dist/fonts/type1/public/amsfonts/cm/cmsy10.pfb></usr/share/texliv
e/texmf-dist/fonts/type1/public/amsfonts/cm/cmsy6.pfb></usr/share/texlive/texmf
-dist/fonts/type1/public/amsfonts/cm/cmsy7.pfb></usr/share/texlive/texmf-dist/f
onts/type1/public/amsfonts/cm/cmsy8.pfb></usr/share/texlive/texmf-dist/fonts/ty
pe1/public/amsfonts/cm/cmti12.pfb></usr/share/texlive/texmf-dist/fonts/type1/pu
blic/amsfonts/symbols/msbm10.pfb>
Output written on article.pdf (35 pages, 849662 bytes).
PDF statistics:
 1773 PDF objects out of 2073 (max. 8388607)
 688 compressed objects within 7 object streams
 183 named destinations out of 1000 (max. 500000)
 224 words of extra memory for PDF output out of 10000 (max. 10000000)

